  Application.cpp
C:\Users\lapiz\OneDrive\Documentos\GitHub\Worms\RaceCar-Physics-II\RaceCar_Physiscs_II\Application.cpp(12,37): warning C4316: 'ModulePhysics3D': puede que el objeto asignado en el montón no esté alineado 16
C:\Users\lapiz\OneDrive\Documentos\GitHub\Worms\RaceCar-Physics-II\RaceCar_Physiscs_II\Application.cpp(82,31): warning C4244: '=': conversión de 'Uint32' a 'float'; posible pérdida de datos
  Color.cpp
  glmath.cpp
C:\Users\lapiz\OneDrive\Documentos\GitHub\Worms\RaceCar-Physics-II\RaceCar_Physiscs_II\glmath.cpp(12,13): warning C4244: 'return': conversión de 'double' a 'float'; posible pérdida de datos
C:\Users\lapiz\OneDrive\Documentos\GitHub\Worms\RaceCar-Physics-II\RaceCar_Physiscs_II\glmath.cpp(27,17): warning C4244: 'argumento': conversión de 'double' a 'float'; posible pérdida de datos
C:\Users\lapiz\OneDrive\Documentos\GitHub\Worms\RaceCar-Physics-II\RaceCar_Physiscs_II\glmath.cpp(43,34): warning C4244: 'argumento': conversión de 'double' a 'float'; posible pérdida de datos
C:\Users\lapiz\OneDrive\Documentos\GitHub\Worms\RaceCar-Physics-II\RaceCar_Physiscs_II\glmath.cpp(53,10): warning C4244: 'inicializando': conversión de 'double' a 'float'; posible pérdida de datos
C:\Users\lapiz\OneDrive\Documentos\GitHub\Worms\RaceCar-Physics-II\RaceCar_Physiscs_II\glmath.cpp(53,26): warning C4244: 'inicializando': conversión de 'double' a 'float'; posible pérdida de datos
C:\Users\lapiz\OneDrive\Documentos\GitHub\Worms\RaceCar-Physics-II\RaceCar_Physiscs_II\glmath.cpp(72,13): warning C4244: 'return': conversión de 'double' a 'float'; posible pérdida de datos
C:\Users\lapiz\OneDrive\Documentos\GitHub\Worms\RaceCar-Physics-II\RaceCar_Physiscs_II\glmath.cpp(87,17): warning C4244: 'argumento': conversión de 'double' a 'float'; posible pérdida de datos
C:\Users\lapiz\OneDrive\Documentos\GitHub\Worms\RaceCar-Physics-II\RaceCar_Physiscs_II\glmath.cpp(103,34): warning C4244: 'argumento': conversión de 'double' a 'float'; posible pérdida de datos
C:\Users\lapiz\OneDrive\Documentos\GitHub\Worms\RaceCar-Physics-II\RaceCar_Physiscs_II\glmath.cpp(600,13): warning C4244: 'inicializando': conversión de 'double' a 'float'; posible pérdida de datos
C:\Users\lapiz\OneDrive\Documentos\GitHub\Worms\RaceCar-Physics-II\RaceCar_Physiscs_II\glmath.cpp(618,10): warning C4244: 'inicializando': conversión de 'double' a 'float'; posible pérdida de datos
C:\Users\lapiz\OneDrive\Documentos\GitHub\Worms\RaceCar-Physics-II\RaceCar_Physiscs_II\glmath.cpp(618,33): warning C4244: 'inicializando': conversión de 'double' a 'float'; posible pérdida de datos
C:\Users\lapiz\OneDrive\Documentos\GitHub\Worms\RaceCar-Physics-II\RaceCar_Physiscs_II\glmath.cpp(758,13): warning C4244: 'inicializando': conversión de 'double' a 'float'; posible pérdida de datos
C:\Users\lapiz\OneDrive\Documentos\GitHub\Worms\RaceCar-Physics-II\RaceCar_Physiscs_II\glmath.cpp(778,10): warning C4244: 'inicializando': conversión de 'double' a 'float'; posible pérdida de datos
C:\Users\lapiz\OneDrive\Documentos\GitHub\Worms\RaceCar-Physics-II\RaceCar_Physiscs_II\glmath.cpp(778,33): warning C4244: 'inicializando': conversión de 'double' a 'float'; posible pérdida de datos
  Light.cpp
  log.cpp
  Main.cpp
  ModuleAudio.cpp
  ModuleCamera3D.cpp
  ModuleInput.cpp
  ModulePhysics3D.cpp
  ModulePlayer.cpp
C:\Users\lapiz\OneDrive\Documentos\GitHub\Worms\RaceCar-Physics-II\RaceCar_Physiscs_II\ModulePlayer.cpp(197,15): warning C4244: 'inicializando': conversión de 'float' a 'int'; posible pérdida de datos
C:\Users\lapiz\OneDrive\Documentos\GitHub\Worms\RaceCar-Physics-II\RaceCar_Physiscs_II\ModulePlayer.cpp(207,33): warning C4474: "sprintf_s": se pasaron demasiados argumentos para la cadena de formato
C:\Users\lapiz\OneDrive\Documentos\GitHub\Worms\RaceCar-Physics-II\RaceCar_Physiscs_II\ModulePlayer.cpp(207,33): message : los marcadores de posición y sus parámetros esperan 0 argumentos variádicos, pero se proporcionaron 1
  ModuleRenderer3D.cpp
  ModuleSceneIntro.cpp
C:\Users\lapiz\OneDrive\Documentos\GitHub\Worms\RaceCar-Physics-II\RaceCar_Physiscs_II\ModuleSceneIntro.cpp(28,25): warning C4244: 'argumento': conversión de 'int' a 'float'; posible pérdida de datos
C:\Users\lapiz\OneDrive\Documentos\GitHub\Worms\RaceCar-Physics-II\RaceCar_Physiscs_II\ModuleSceneIntro.cpp(31,25): warning C4244: 'argumento': conversión de 'int' a 'float'; posible pérdida de datos
C:\Users\lapiz\OneDrive\Documentos\GitHub\Worms\RaceCar-Physics-II\RaceCar_Physiscs_II\ModuleSceneIntro.cpp(34,25): warning C4244: 'argumento': conversión de 'int' a 'float'; posible pérdida de datos
  ModuleWindow.cpp
  PhysBody3D.cpp
  PhysVehicle3D.cpp
C:\Users\lapiz\OneDrive\Documentos\GitHub\Worms\RaceCar-Physics-II\RaceCar_Physiscs_II\PhysVehicle3D.cpp(102,17): warning C4244: 'argumento': conversión de 'float' a 'int'; posible pérdida de datos
C:\Users\lapiz\OneDrive\Documentos\GitHub\Worms\RaceCar-Physics-II\RaceCar_Physiscs_II\PhysVehicle3D.cpp(112,17): warning C4244: '=': conversión de 'double' a 'float'; posible pérdida de datos
C:\Users\lapiz\OneDrive\Documentos\GitHub\Worms\RaceCar-Physics-II\RaceCar_Physiscs_II\PhysVehicle3D.cpp(113,14): warning C4244: '=': conversión de 'double' a 'float'; posible pérdida de datos
C:\Users\lapiz\OneDrive\Documentos\GitHub\Worms\RaceCar-Physics-II\RaceCar_Physiscs_II\PhysVehicle3D.cpp(115,17): warning C4244: '=': conversión de 'double' a 'float'; posible pérdida de datos
C:\Users\lapiz\OneDrive\Documentos\GitHub\Worms\RaceCar-Physics-II\RaceCar_Physiscs_II\PhysVehicle3D.cpp(116,18): warning C4244: '=': conversión de 'double' a 'float'; posible pérdida de datos
  Primitive.cpp
  Timer.cpp
C:\Users\lapiz\OneDrive\Documentos\GitHub\Worms\RaceCar-Physics-II\RaceCar_Physiscs_II\Timer.cpp(49,15): warning C4244: '=': conversión de 'float' a 'Uint32'; posible pérdida de datos
C:\Users\lapiz\OneDrive\Documentos\GitHub\Worms\RaceCar-Physics-II\RaceCar_Physiscs_II\Timer.cpp(50,15): warning C4244: '=': conversión de 'float' a 'Uint32'; posible pérdida de datos
C:\Users\lapiz\OneDrive\Documentos\GitHub\Worms\RaceCar-Physics-II\RaceCar_Physiscs_II\Timer.cpp(51,14): warning C4244: '=': conversión de 'float' a 'Uint32'; posible pérdida de datos
  Generando código
  Previous IPDB not found, fall back to full compilation.
  All 428 functions were compiled because no usable IPDB/IOBJ from previous compilation was found.
  Generación de código finalizada
  3D Physics.vcxproj -> C:\Users\lapiz\OneDrive\Documentos\GitHub\Worms\RaceCar-Physics-II\RaceCar_Physiscs_II\Release\3D Physics - class5.exe
